<?xml version="1.0" encoding="UTF-8"?>
<testng-results skipped="0" failed="0" ignored="0" total="3" passed="3">
  <reporter-output>
  </reporter-output>
  <suite name="Default suite" duration-ms="40219" started-at="2020-03-01T20:31:12Z" finished-at="2020-03-01T20:31:52Z">
    <groups>
    </groups>
    <test name="Default test" duration-ms="40219" started-at="2020-03-01T20:31:12Z" finished-at="2020-03-01T20:31:52Z">
      <class name="TestRailGeneric">
        <test-method status="PASS" signature="bm()[pri:0, instance:TestRailGeneric@59ec2012]" name="bm" is-config="true" duration-ms="7988" started-at="2020-03-01T20:31:12Z" finished-at="2020-03-01T20:31:20Z">
          <reporter-output>
          </reporter-output>
        </test-method> <!-- bm -->
        <test-method status="PASS" signature="NewProjectExt_SimplifySR(java.lang.String, java.lang.String, java.lang.String, java.lang.String)[pri:0, instance:TestRailGeneric@59ec2012]" name="NewProjectExt_SimplifySR" duration-ms="10623" started-at="2020-03-01T20:31:20Z" data-provider="getShipmentData" finished-at="2020-03-01T20:31:31Z">
          <params>
            <param index="0">
              <value>
                <![CDATA[100]]>
              </value>
            </param>
            <param index="1">
              <value>
                <![CDATA[enter steps]]>
              </value>
            </param>
            <param index="2">
              <value>
                <![CDATA[500]]>
              </value>
            </param>
            <param index="3">
              <value>
                <![CDATA[Title1]]>
              </value>
            </param>
          </params>
          <reporter-output>
          </reporter-output>
        </test-method> <!-- NewProjectExt_SimplifySR -->
        <test-method status="PASS" signature="NewProjectExt_SimplifySR(java.lang.String, java.lang.String, java.lang.String, java.lang.String)[pri:0, instance:TestRailGeneric@59ec2012]" name="NewProjectExt_SimplifySR" duration-ms="10580" started-at="2020-03-01T20:31:31Z" data-provider="getShipmentData" finished-at="2020-03-01T20:31:42Z">
          <params>
            <param index="0">
              <value>
                <![CDATA[101]]>
              </value>
            </param>
            <param index="1">
              <value>
                <![CDATA[enter steps 1]]>
              </value>
            </param>
            <param index="2">
              <value>
                <![CDATA[501]]>
              </value>
            </param>
            <param index="3">
              <value>
                <![CDATA[Title2]]>
              </value>
            </param>
          </params>
          <reporter-output>
          </reporter-output>
        </test-method> <!-- NewProjectExt_SimplifySR -->
        <test-method status="PASS" signature="NewProjectExt_SimplifySR(java.lang.String, java.lang.String, java.lang.String, java.lang.String)[pri:0, instance:TestRailGeneric@59ec2012]" name="NewProjectExt_SimplifySR" duration-ms="10518" started-at="2020-03-01T20:31:42Z" data-provider="getShipmentData" finished-at="2020-03-01T20:31:52Z">
          <params>
            <param index="0">
              <value>
                <![CDATA[102]]>
              </value>
            </param>
            <param index="1">
              <value>
                <![CDATA[enter steps 2]]>
              </value>
            </param>
            <param index="2">
              <value>
                <![CDATA[502]]>
              </value>
            </param>
            <param index="3">
              <value>
                <![CDATA[Title3]]>
              </value>
            </param>
          </params>
          <reporter-output>
          </reporter-output>
        </test-method> <!-- NewProjectExt_SimplifySR -->
      </class> <!-- TestRailGeneric -->
    </test> <!-- Default test -->
  </suite> <!-- Default suite -->
</testng-results>
