<?xml version="1.0" encoding="UTF-8"?>
<!-- Generated by org.testng.reporters.JUnitXMLReporter -->
<testsuite hostname="Bhavanis-MacBook-Pro.local" ignored="0" tests="3" failures="0" timestamp="01 Mar 2020 20:31:52 GMT" time="40.219" errors="0">
  <testcase name="NewProjectExt_SimplifySR" time="10.623" classname="TestRailGeneric"/>
  <testcase name="NewProjectExt_SimplifySR" time="10.58" classname="TestRailGeneric"/>
  <testcase name="NewProjectExt_SimplifySR" time="10.518" classname="TestRailGeneric"/>
</testsuite>
